<?xml version="1.0" encoding="UTF-8"?>
<testng-results ignored="0" total="1" passed="1" failed="0" skipped="0">
  <reporter-output>
  </reporter-output>
  <suite started-at="2023-01-12T01:41:20 IST" name="Default suite" finished-at="2023-01-12T01:41:48 IST" duration-ms="27713">
    <groups>
    </groups>
    <test started-at="2023-01-12T01:41:20 IST" name="Default test" finished-at="2023-01-12T01:41:48 IST" duration-ms="27713">
      <class name="com.shubham_automaton_V1.testCases.Assignment1">
        <test-method is-config="true" signature="setUp()[pri:0, instance:com.shubham_automaton_V1.testCases.Assignment1@3349e9bb]" started-at="2023-01-12T01:41:20 IST" name="setUp" finished-at="2023-01-12T01:41:22 IST" duration-ms="1567" status="PASS">
          <reporter-output>
          </reporter-output>
        </test-method> <!-- setUp -->
        <test-method signature="amazonLoginAndAddingProductToCart()[pri:0, instance:com.shubham_automaton_V1.testCases.Assignment1@3349e9bb]" started-at="2023-01-12T01:41:22 IST" name="amazonLoginAndAddingProductToCart" finished-at="2023-01-12T01:41:48 IST" duration-ms="25808" status="PASS">
          <reporter-output>
          </reporter-output>
        </test-method> <!-- amazonLoginAndAddingProductToCart -->
        <test-method is-config="true" signature="tearDown()[pri:0, instance:com.shubham_automaton_V1.testCases.Assignment1@3349e9bb]" started-at="2023-01-12T01:41:48 IST" name="tearDown" finished-at="2023-01-12T01:41:48 IST" duration-ms="309" status="PASS">
          <reporter-output>
          </reporter-output>
        </test-method> <!-- tearDown -->
      </class> <!-- com.shubham_automaton_V1.testCases.Assignment1 -->
    </test> <!-- Default test -->
  </suite> <!-- Default suite -->
</testng-results>
